SF:lib\product_list.dart
DA:18,2
DA:20,1
DA:21,1
DA:32,1
DA:34,1
DA:35,1
DA:40,1
DA:44,1
DA:47,0
DA:50,0
DA:53,0
DA:54,0
DA:55,0
DA:56,0
DA:57,0
DA:58,0
DA:62,1
DA:63,2
DA:64,1
DA:68,3
DA:69,1
DA:70,2
DA:71,2
DA:72,4
DA:79,1
DA:80,2
DA:81,1
DA:82,1
DA:103,0
DA:105,0
DA:107,0
DA:108,0
DA:109,0
DA:126,1
DA:128,1
DA:129,1
DA:130,1
DA:131,1
DA:133,1
DA:134,1
DA:135,1
DA:136,1
DA:137,2
DA:138,2
DA:139,1
DA:140,1
DA:142,1
DA:146,1
DA:147,0
DA:148,0
DA:149,0
DA:151,0
DA:152,0
DA:154,1
DA:158,1
DA:159,1
DA:160,1
DA:162,1
DA:163,1
DA:164,1
DA:166,1
DA:168,0
DA:169,0
DA:173,1
DA:174,1
DA:175,1
DA:176,1
DA:177,2
DA:178,0
DA:179,2
DA:180,1
DA:181,2
DA:182,0
DA:183,2
DA:185,1
DA:186,1
DA:187,1
DA:188,1
DA:189,1
DA:190,3
DA:194,1
DA:201,1
DA:202,0
DA:203,0
DA:205,0
DA:208,1
DA:219,1
DA:221,1
DA:223,1
DA:232,1
DA:233,1
DA:234,1
DA:236,1
DA:239,1
DA:240,1
DA:241,3
DA:242,1
DA:245,1
DA:246,1
DA:247,1
DA:248,2
DA:255,1
DA:256,1
DA:257,1
DA:260,1
DA:261,1
DA:262,2
DA:266,1
DA:267,2
DA:271,1
DA:272,4
DA:289,1
DA:291,1
DA:292,1
DA:293,1
DA:294,1
DA:295,1
DA:296,1
DA:297,1
DA:303,1
DA:305,1
LF:121
LH:96
end_of_record
SF:lib\product_provider.dart
DA:7,2
DA:9,1
DA:10,1
DA:11,1
LF:4
LH:4
end_of_record
SF:lib\Firebase Services\google_signin.dart
DA:10,0
DA:13,0
DA:16,0
DA:17,0
DA:18,0
DA:19,0
DA:20,0
DA:22,0
DA:24,0
DA:25,0
DA:30,0
DA:31,0
DA:32,0
DA:35,0
DA:38,0
DA:41,0
DA:42,0
DA:43,0
DA:44,0
DA:45,0
DA:47,0
DA:48,0
DA:53,0
DA:54,0
DA:55,0
LF:25
LH:0
end_of_record
SF:lib\cart_page.dart
DA:7,0
DA:9,0
DA:11,0
DA:13,0
DA:14,0
DA:15,0
DA:16,0
DA:18,0
DA:19,0
DA:20,0
DA:21,0
DA:22,0
DA:24,0
DA:32,0
DA:33,0
DA:34,0
DA:36,0
DA:39,0
DA:40,0
DA:43,0
DA:44,0
DA:45,0
DA:46,0
DA:52,0
DA:53,0
DA:54,0
DA:57,0
DA:58,0
DA:59,0
DA:63,0
DA:64,0
DA:68,0
DA:69,0
LF:33
LH:0
end_of_record
SF:lib\cartitem_model.dart
DA:7,0
LF:1
LH:0
end_of_record
SF:lib\cart_provider.dart
DA:9,0
DA:11,0
DA:12,0
DA:13,0
DA:20,0
DA:23,0
LF:6
LH:0
end_of_record
SF:lib\product_model.g.dart
DA:13,0
DA:15,0
DA:16,0
DA:17,0
DA:19,0
DA:20,0
DA:21,0
DA:22,0
DA:23,0
DA:24,0
DA:25,0
DA:29,0
DA:32,0
DA:33,0
DA:34,0
DA:35,0
DA:36,0
DA:37,0
DA:38,0
DA:39,0
DA:40,0
DA:41,0
DA:42,0
DA:43,0
DA:44,0
DA:47,0
DA:48,0
DA:50,0
DA:53,0
DA:54,0
DA:55,0
LF:31
LH:0
end_of_record
SF:lib\product_model.dart
DA:25,1
DA:33,1
DA:34,1
DA:35,1
DA:36,1
DA:37,2
DA:38,1
DA:39,1
DA:40,1
LF:9
LH:9
end_of_record
SF:lib\plaform_channel.dart
DA:6,0
DA:8,0
DA:9,0
DA:10,0
LF:4
LH:0
end_of_record
SF:lib\product_details.dart
DA:15,1
DA:17,1
DA:18,1
DA:24,0
DA:27,0
DA:28,0
DA:30,0
DA:35,0
DA:36,0
DA:37,0
DA:39,0
DA:40,0
DA:42,0
DA:43,0
DA:44,0
DA:47,0
DA:55,0
DA:57,0
DA:59,0
DA:63,0
DA:65,0
DA:68,0
DA:69,0
DA:70,0
DA:71,0
DA:72,0
DA:73,0
DA:75,0
DA:76,0
DA:78,0
DA:79,0
DA:80,0
DA:82,0
DA:83,0
DA:84,0
DA:85,0
DA:86,0
DA:90,0
DA:95,0
DA:98,0
DA:99,0
DA:101,0
DA:107,0
DA:108,0
DA:110,0
DA:111,0
DA:115,0
DA:116,0
DA:118,0
DA:119,0
DA:126,1
DA:128,1
DA:129,1
DA:132,0
DA:135,1
DA:136,1
DA:137,1
DA:138,1
DA:140,1
DA:141,1
DA:143,1
DA:145,1
DA:146,1
DA:147,1
DA:148,1
DA:149,2
DA:150,1
DA:153,1
DA:154,1
DA:155,1
DA:156,1
DA:157,1
DA:164,1
DA:165,1
DA:166,1
DA:167,1
DA:175,1
DA:176,2
DA:183,1
DA:184,2
DA:185,1
DA:192,1
DA:193,3
DA:201,1
DA:202,2
DA:203,1
DA:205,1
DA:209,1
DA:210,2
DA:211,1
DA:213,1
DA:217,1
DA:218,0
DA:219,0
DA:220,0
DA:221,0
DA:223,0
DA:225,1
DA:226,1
DA:231,1
DA:232,0
DA:233,0
DA:241,1
DA:243,1
DA:244,1
DA:245,1
DA:246,1
LF:107
LH:52
end_of_record
SF:lib\upipayment_page.dart
DA:5,0
DA:7,0
DA:8,0
DA:26,0
DA:28,0
DA:29,0
DA:30,0
DA:32,0
DA:33,0
DA:35,0
DA:38,0
DA:39,0
DA:49,0
DA:50,0
DA:52,0
DA:53,0
DA:54,0
DA:56,0
DA:60,0
DA:62,0
DA:64,0
DA:65,0
DA:66,0
DA:67,0
DA:68,0
DA:69,0
DA:71,0
DA:74,0
DA:78,0
DA:79,0
DA:82,0
DA:89,0
DA:94,0
DA:101,0
DA:103,0
DA:105,0
DA:107,0
DA:109,0
DA:116,0
DA:118,0
DA:119,0
DA:121,0
DA:122,0
DA:124,0
DA:125,0
DA:128,0
DA:132,0
DA:133,0
DA:135,0
DA:137,0
DA:138,0
DA:139,0
DA:140,0
DA:142,0
DA:149,0
DA:151,0
DA:152,0
DA:153,0
DA:156,0
DA:157,0
DA:158,0
DA:159,0
DA:161,0
DA:162,0
DA:163,0
DA:165,0
DA:166,0
DA:167,0
DA:168,0
DA:169,0
DA:170,0
DA:171,0
DA:176,0
DA:178,0
DA:179,0
DA:180,0
DA:181,0
DA:182,0
DA:183,0
DA:185,0
DA:187,0
DA:189,0
DA:190,0
DA:191,0
DA:192,0
DA:193,0
DA:194,0
LF:87
LH:0
end_of_record
SF:lib\signup.dart
DA:8,1
DA:10,0
DA:11,0
DA:18,0
DA:20,0
DA:21,0
DA:23,0
DA:26,0
DA:28,0
DA:30,0
DA:31,0
DA:32,0
DA:33,0
DA:34,0
DA:36,0
DA:38,0
DA:39,0
DA:40,0
DA:41,0
DA:46,0
DA:47,0
DA:48,0
DA:49,0
DA:51,0
DA:53,0
DA:54,0
DA:56,0
DA:58,0
DA:61,0
DA:76,0
DA:77,0
LF:31
LH:1
end_of_record
